<?xml version="1.0" encoding="UTF-8"?>
<testng-results ignored="0" total="1" passed="1" failed="0" skipped="0">
  <reporter-output>
  </reporter-output>
  <suite started-at="2024-07-09T13:52:38 ADT" name="Default suite" finished-at="2024-07-09T13:52:43 ADT" duration-ms="4148">
    <groups>
    </groups>
    <test started-at="2024-07-09T13:52:38 ADT" name="Default test" finished-at="2024-07-09T13:52:43 ADT" duration-ms="4148">
      <class name="com.taskmanagerplus.tests.LoginTest">
        <test-method is-config="true" signature="setUp()[pri:0, instance:com.taskmanagerplus.tests.LoginTest@72035809]" started-at="2024-07-09T13:52:38 ADT" name="setUp" finished-at="2024-07-09T13:52:40 ADT" duration-ms="1646" status="PASS">
          <reporter-output>
          </reporter-output>
        </test-method> <!-- setUp -->
        <test-method signature="testLogin()[pri:0, instance:com.taskmanagerplus.tests.LoginTest@72035809]" started-at="2024-07-09T13:52:40 ADT" name="testLogin" finished-at="2024-07-09T13:52:42 ADT" duration-ms="1970" status="PASS">
          <reporter-output>
          </reporter-output>
        </test-method> <!-- testLogin -->
        <test-method is-config="true" signature="tearDown()[pri:0, instance:com.taskmanagerplus.tests.LoginTest@72035809]" started-at="2024-07-09T13:52:42 ADT" name="tearDown" finished-at="2024-07-09T13:52:43 ADT" duration-ms="490" status="PASS">
          <reporter-output>
          </reporter-output>
        </test-method> <!-- tearDown -->
      </class> <!-- com.taskmanagerplus.tests.LoginTest -->
    </test> <!-- Default test -->
  </suite> <!-- Default suite -->
</testng-results>
