<?xml version="1.0" encoding="UTF-8"?>
<!-- Generated by org.testng.reporters.JUnitXMLReporter -->
<testsuite ignored="0" hostname="LAPTOP-A8LVSE7A" failures="0" tests="4" name="Default test" time="11.804" errors="0" timestamp="2024-07-11T11:23:57 ADT">
  <testcase classname="com.taskmanagerplus.tests.LoginTest" name="testLogin" time="2.084"/>
  <testcase classname="com.taskmanagerplus.tests.LoginTest" name="testLoginWithEmptyCredentials" time="1.094"/>
  <testcase classname="com.taskmanagerplus.tests.LoginTest" name="testLoginWithInvalidCredentials" time="1.335"/>
  <testcase classname="com.taskmanagerplus.tests.LoginTest" name="testLoginWithShortCredentials" time="1.041"/>
</testsuite> <!-- Default test -->
